<?xml version="1.0" encoding="UTF-8"?>
<coverage generated="1759968205">
  <project timestamp="1759968205">
    <file name="D:\research\applications\loyalty-rewards\src\Application\DTOs\EarningResult.php">
      <class name="LoyaltyRewards\Application\DTOs\EarningResult" namespace="global">
        <metrics complexity="2" methods="2" coveredmethods="2" conditionals="0" coveredconditionals="0" statements="7" coveredstatements="7" elements="9" coveredelements="9"/>
      </class>
      <line num="13" type="method" name="__construct" visibility="public" complexity="1" crap="1" count="3"/>
      <line num="19" type="stmt" count="3"/>
      <line num="24" type="method" name="jsonSerialize" visibility="public" complexity="1" crap="1" count="2"/>
      <line num="26" type="stmt" count="2"/>
      <line num="27" type="stmt" count="2"/>
      <line num="28" type="stmt" count="2"/>
      <line num="29" type="stmt" count="2"/>
      <line num="30" type="stmt" count="2"/>
      <line num="31" type="stmt" count="2"/>
      <metrics loc="34" ncloc="31" classes="1" methods="2" coveredmethods="2" conditionals="0" coveredconditionals="0" statements="7" coveredstatements="7" elements="9" coveredelements="9"/>
    </file>
    <file name="D:\research\applications\loyalty-rewards\src\Application\DTOs\RedemptionResult.php">
      <class name="LoyaltyRewards\Application\DTOs\RedemptionResult" namespace="global">
        <metrics complexity="2" methods="2" coveredmethods="2" conditionals="0" coveredconditionals="0" statements="6" coveredstatements="6" elements="8" coveredelements="8"/>
      </class>
      <line num="13" type="method" name="__construct" visibility="public" complexity="1" crap="1" count="3"/>
      <line num="18" type="stmt" count="3"/>
      <line num="23" type="method" name="jsonSerialize" visibility="public" complexity="1" crap="1" count="2"/>
      <line num="25" type="stmt" count="2"/>
      <line num="26" type="stmt" count="2"/>
      <line num="27" type="stmt" count="2"/>
      <line num="28" type="stmt" count="2"/>
      <line num="29" type="stmt" count="2"/>
      <metrics loc="32" ncloc="29" classes="1" methods="2" coveredmethods="2" conditionals="0" coveredconditionals="0" statements="6" coveredstatements="6" elements="8" coveredelements="8"/>
    </file>
    <file name="D:\research\applications\loyalty-rewards\src\Core\Engine\RulesEngine.php">
      <class name="LoyaltyRewards\Core\Engine\RulesEngine" namespace="global">
        <metrics complexity="14" methods="10" coveredmethods="9" conditionals="0" coveredconditionals="0" statements="48" coveredstatements="47" elements="58" coveredelements="56"/>
      </class>
      <line num="20" type="method" name="__construct" visibility="public" complexity="1" crap="1" count="10"/>
      <line num="23" type="stmt" count="10"/>
      <line num="26" type="method" name="addEarningRule" visibility="public" complexity="1" crap="1" count="6"/>
      <line num="28" type="stmt" count="6"/>
      <line num="30" type="stmt" count="6"/>
      <line num="31" type="stmt" count="6"/>
      <line num="32" type="stmt" count="6"/>
      <line num="33" type="stmt" count="6"/>
      <line num="36" type="method" name="removeEarningRule" visibility="public" complexity="1" crap="1" count="1"/>
      <line num="38" type="stmt" count="1"/>
      <line num="40" type="stmt" count="1"/>
      <line num="41" type="stmt" count="1"/>
      <line num="42" type="stmt" count="1"/>
      <line num="45" type="method" name="addRedemptionRule" visibility="public" complexity="1" crap="1" count="2"/>
      <line num="47" type="stmt" count="2"/>
      <line num="49" type="stmt" count="2"/>
      <line num="50" type="stmt" count="2"/>
      <line num="51" type="stmt" count="2"/>
      <line num="54" type="method" name="calculateEarning" visibility="public" complexity="1" crap="1" count="4"/>
      <line num="56" type="stmt" count="4"/>
      <line num="58" type="stmt" count="4"/>
      <line num="59" type="stmt" count="4"/>
      <line num="61" type="stmt" count="4"/>
      <line num="63" type="stmt" count="4"/>
      <line num="64" type="stmt" count="4"/>
      <line num="65" type="stmt" count="4"/>
      <line num="66" type="stmt" count="4"/>
      <line num="67" type="stmt" count="4"/>
      <line num="68" type="stmt" count="4"/>
      <line num="69" type="stmt" count="4"/>
      <line num="71" type="stmt" count="4"/>
      <line num="74" type="method" name="calculateRedemption" visibility="public" complexity="3" crap="3" count="3"/>
      <line num="76" type="stmt" count="3"/>
      <line num="77" type="stmt" count="2"/>
      <line num="78" type="stmt" count="2"/>
      <line num="80" type="stmt" count="2"/>
      <line num="81" type="stmt" count="2"/>
      <line num="82" type="stmt" count="2"/>
      <line num="83" type="stmt" count="2"/>
      <line num="84" type="stmt" count="2"/>
      <line num="85" type="stmt" count="2"/>
      <line num="87" type="stmt" count="2"/>
      <line num="91" type="stmt" count="1"/>
      <line num="92" type="stmt" count="1"/>
      <line num="93" type="stmt" count="1"/>
      <line num="94" type="stmt" count="1"/>
      <line num="96" type="stmt" count="1"/>
      <line num="99" type="method" name="canRedeem" visibility="public" complexity="3" crap="3" count="3"/>
      <line num="101" type="stmt" count="3"/>
      <line num="102" type="stmt" count="2"/>
      <line num="103" type="stmt" count="2"/>
      <line num="107" type="stmt" count="1"/>
      <line num="110" type="method" name="getEarningRules" visibility="public" complexity="1" crap="1" count="1"/>
      <line num="113" type="stmt" count="1"/>
      <line num="119" type="method" name="getRedemptionRules" visibility="public" complexity="1" crap="2" count="0"/>
      <line num="121" type="stmt" count="0"/>
      <line num="128" type="method" name="getApplicableEarningRules" visibility="public" complexity="1" crap="1" count="1"/>
      <line num="130" type="stmt" count="1"/>
      <metrics loc="133" ncloc="125" classes="1" methods="10" coveredmethods="9" conditionals="0" coveredconditionals="0" statements="48" coveredstatements="47" elements="58" coveredelements="56"/>
    </file>
    <file name="D:\research\applications\loyalty-rewards\src\Core\Exceptions\AccountNotFoundException.php">
      <class name="LoyaltyRewards\Core\Exceptions\AccountNotFoundException" namespace="global">
        <metrics complexity="0" methods="0" coveredmethods="0" conditionals="0" coveredconditionals="0" statements="0" coveredstatements="0" elements="0" coveredelements="0"/>
      </class>
      <metrics loc="10" ncloc="10" classes="0" methods="0" coveredmethods="0" conditionals="0" coveredconditionals="0" statements="0" coveredstatements="0" elements="0" coveredelements="0"/>
    </file>
    <file name="D:\research\applications\loyalty-rewards\src\Core\Exceptions\FraudDetectedException.php">
      <class name="LoyaltyRewards\Core\Exceptions\FraudDetectedException" namespace="global">
        <metrics complexity="0" methods="0" coveredmethods="0" conditionals="0" coveredconditionals="0" statements="0" coveredstatements="0" elements="0" coveredelements="0"/>
      </class>
      <metrics loc="10" ncloc="10" classes="0" methods="0" coveredmethods="0" conditionals="0" coveredconditionals="0" statements="0" coveredstatements="0" elements="0" coveredelements="0"/>
    </file>
    <file name="D:\research\applications\loyalty-rewards\src\Core\Exceptions\InactiveAccountException.php">
      <class name="LoyaltyRewards\Core\Exceptions\InactiveAccountException" namespace="global">
        <metrics complexity="0" methods="0" coveredmethods="0" conditionals="0" coveredconditionals="0" statements="0" coveredstatements="0" elements="0" coveredelements="0"/>
      </class>
      <metrics loc="10" ncloc="10" classes="0" methods="0" coveredmethods="0" conditionals="0" coveredconditionals="0" statements="0" coveredstatements="0" elements="0" coveredelements="0"/>
    </file>
    <file name="D:\research\applications\loyalty-rewards\src\Core\Exceptions\InsufficientPointsException.php">
      <class name="LoyaltyRewards\Core\Exceptions\InsufficientPointsException" namespace="global">
        <metrics complexity="0" methods="0" coveredmethods="0" conditionals="0" coveredconditionals="0" statements="0" coveredstatements="0" elements="0" coveredelements="0"/>
      </class>
      <metrics loc="10" ncloc="10" classes="0" methods="0" coveredmethods="0" conditionals="0" coveredconditionals="0" statements="0" coveredstatements="0" elements="0" coveredelements="0"/>
    </file>
    <file name="D:\research\applications\loyalty-rewards\src\Core\Exceptions\LoyaltyException.php">
      <class name="LoyaltyRewards\Core\Exceptions\LoyaltyException" namespace="global">
        <metrics complexity="2" methods="2" coveredmethods="1" conditionals="0" coveredconditionals="0" statements="2" coveredstatements="1" elements="4" coveredelements="2"/>
      </class>
      <line num="18" type="method" name="__construct" visibility="public" complexity="1" crap="1" count="3"/>
      <line num="24" type="stmt" count="3"/>
      <line num="30" type="method" name="getContext" visibility="public" complexity="1" crap="2" count="0"/>
      <line num="32" type="stmt" count="0"/>
      <metrics loc="35" ncloc="26" classes="1" methods="2" coveredmethods="1" conditionals="0" coveredconditionals="0" statements="2" coveredstatements="1" elements="4" coveredelements="2"/>
    </file>
    <file name="D:\research\applications\loyalty-rewards\src\Core\Services\AuditService.php">
      <class name="LoyaltyRewards\Core\Services\AuditService" namespace="global">
        <metrics complexity="10" methods="8" coveredmethods="8" conditionals="0" coveredconditionals="0" statements="104" coveredstatements="104" elements="112" coveredelements="112"/>
      </class>
      <line num="18" type="method" name="__construct" visibility="public" complexity="1" crap="1" count="8"/>
      <line num="22" type="stmt" count="8"/>
      <line num="24" type="method" name="logAccountCreated" visibility="public" complexity="1" crap="1" count="2"/>
      <line num="26" type="stmt" count="2"/>
      <line num="27" type="stmt" count="2"/>
      <line num="28" type="stmt" count="2"/>
      <line num="29" type="stmt" count="2"/>
      <line num="30" type="stmt" count="2"/>
      <line num="31" type="stmt" count="2"/>
      <line num="32" type="stmt" count="2"/>
      <line num="33" type="stmt" count="2"/>
      <line num="34" type="stmt" count="2"/>
      <line num="35" type="stmt" count="2"/>
      <line num="36" type="stmt" count="2"/>
      <line num="37" type="stmt" count="2"/>
      <line num="38" type="stmt" count="2"/>
      <line num="40" type="stmt" count="2"/>
      <line num="42" type="stmt" count="2"/>
      <line num="43" type="stmt" count="2"/>
      <line num="44" type="stmt" count="2"/>
      <line num="45" type="stmt" count="2"/>
      <line num="48" type="method" name="logPointsEarned" visibility="public" complexity="1" crap="1" count="2"/>
      <line num="54" type="stmt" count="2"/>
      <line num="55" type="stmt" count="2"/>
      <line num="56" type="stmt" count="2"/>
      <line num="57" type="stmt" count="2"/>
      <line num="58" type="stmt" count="2"/>
      <line num="59" type="stmt" count="2"/>
      <line num="60" type="stmt" count="2"/>
      <line num="61" type="stmt" count="2"/>
      <line num="62" type="stmt" count="2"/>
      <line num="63" type="stmt" count="2"/>
      <line num="64" type="stmt" count="2"/>
      <line num="65" type="stmt" count="2"/>
      <line num="66" type="stmt" count="2"/>
      <line num="67" type="stmt" count="2"/>
      <line num="68" type="stmt" count="2"/>
      <line num="69" type="stmt" count="2"/>
      <line num="70" type="stmt" count="2"/>
      <line num="71" type="stmt" count="2"/>
      <line num="73" type="stmt" count="2"/>
      <line num="75" type="stmt" count="2"/>
      <line num="76" type="stmt" count="2"/>
      <line num="77" type="stmt" count="2"/>
      <line num="78" type="stmt" count="2"/>
      <line num="81" type="method" name="logPointsRedeemed" visibility="public" complexity="1" crap="1" count="2"/>
      <line num="87" type="stmt" count="2"/>
      <line num="88" type="stmt" count="2"/>
      <line num="89" type="stmt" count="2"/>
      <line num="90" type="stmt" count="2"/>
      <line num="91" type="stmt" count="2"/>
      <line num="92" type="stmt" count="2"/>
      <line num="93" type="stmt" count="2"/>
      <line num="94" type="stmt" count="2"/>
      <line num="95" type="stmt" count="2"/>
      <line num="96" type="stmt" count="2"/>
      <line num="97" type="stmt" count="2"/>
      <line num="98" type="stmt" count="2"/>
      <line num="99" type="stmt" count="2"/>
      <line num="100" type="stmt" count="2"/>
      <line num="101" type="stmt" count="2"/>
      <line num="102" type="stmt" count="2"/>
      <line num="103" type="stmt" count="2"/>
      <line num="105" type="stmt" count="2"/>
      <line num="107" type="stmt" count="2"/>
      <line num="108" type="stmt" count="2"/>
      <line num="109" type="stmt" count="2"/>
      <line num="110" type="stmt" count="2"/>
      <line num="113" type="method" name="logPointsConfirmed" visibility="public" complexity="1" crap="1" count="1"/>
      <line num="118" type="stmt" count="1"/>
      <line num="119" type="stmt" count="1"/>
      <line num="120" type="stmt" count="1"/>
      <line num="121" type="stmt" count="1"/>
      <line num="122" type="stmt" count="1"/>
      <line num="123" type="stmt" count="1"/>
      <line num="124" type="stmt" count="1"/>
      <line num="125" type="stmt" count="1"/>
      <line num="126" type="stmt" count="1"/>
      <line num="127" type="stmt" count="1"/>
      <line num="128" type="stmt" count="1"/>
      <line num="129" type="stmt" count="1"/>
      <line num="130" type="stmt" count="1"/>
      <line num="131" type="stmt" count="1"/>
      <line num="133" type="stmt" count="1"/>
      <line num="136" type="method" name="logFraudAttempt" visibility="public" complexity="3" crap="3" count="1"/>
      <line num="143" type="stmt" count="1"/>
      <line num="144" type="stmt" count="1"/>
      <line num="145" type="stmt" count="1"/>
      <line num="146" type="stmt" count="1"/>
      <line num="147" type="stmt" count="1"/>
      <line num="148" type="stmt" count="1"/>
      <line num="149" type="stmt" count="1"/>
      <line num="150" type="stmt" count="1"/>
      <line num="151" type="stmt" count="1"/>
      <line num="152" type="stmt" count="1"/>
      <line num="153" type="stmt" count="1"/>
      <line num="154" type="stmt" count="1"/>
      <line num="155" type="stmt" count="1"/>
      <line num="156" type="stmt" count="1"/>
      <line num="157" type="stmt" count="1"/>
      <line num="158" type="stmt" count="1"/>
      <line num="159" type="stmt" count="1"/>
      <line num="161" type="stmt" count="1"/>
      <line num="163" type="stmt" count="1"/>
      <line num="164" type="stmt" count="1"/>
      <line num="165" type="stmt" count="1"/>
      <line num="166" type="stmt" count="1"/>
      <line num="167" type="stmt" count="1"/>
      <line num="170" type="method" name="getCurrentIpAddress" visibility="private" complexity="1" crap="1" count="8"/>
      <line num="174" type="stmt" count="8"/>
      <line num="177" type="method" name="getCurrentUserAgent" visibility="private" complexity="1" crap="1" count="8"/>
      <line num="181" type="stmt" count="8"/>
      <metrics loc="184" ncloc="180" classes="1" methods="8" coveredmethods="8" conditionals="0" coveredconditionals="0" statements="104" coveredstatements="104" elements="112" coveredelements="112"/>
    </file>
    <file name="D:\research\applications\loyalty-rewards\src\Core\Services\FraudDetectionService.php">
      <class name="LoyaltyRewards\Core\Services\FraudDetectionService" namespace="global">
        <metrics complexity="7" methods="3" coveredmethods="2" conditionals="0" coveredconditionals="0" statements="25" coveredstatements="24" elements="28" coveredelements="26"/>
      </class>
      <line num="17" type="method" name="__construct" visibility="public" complexity="1" crap="1" count="3"/>
      <line num="21" type="stmt" count="3"/>
      <line num="22" type="stmt" count="3"/>
      <line num="23" type="stmt" count="3"/>
      <line num="24" type="stmt" count="3"/>
      <line num="27" type="method" name="analyze" visibility="public" complexity="5" crap="5" count="3"/>
      <line num="32" type="stmt" count="3"/>
      <line num="33" type="stmt" count="3"/>
      <line num="34" type="stmt" count="3"/>
      <line num="36" type="stmt" count="3"/>
      <line num="37" type="stmt" count="3"/>
      <line num="38" type="stmt" count="3"/>
      <line num="40" type="stmt" count="3"/>
      <line num="41" type="stmt" count="2"/>
      <line num="44" type="stmt" count="3"/>
      <line num="45" type="stmt" count="2"/>
      <line num="49" type="stmt" count="3"/>
      <line num="51" type="stmt" count="3"/>
      <line num="52" type="stmt" count="2"/>
      <line num="53" type="stmt" count="2"/>
      <line num="54" type="stmt" count="2"/>
      <line num="55" type="stmt" count="2"/>
      <line num="56" type="stmt" count="2"/>
      <line num="57" type="stmt" count="2"/>
      <line num="58" type="stmt" count="2"/>
      <line num="61" type="stmt" count="3"/>
      <line num="64" type="method" name="addDetector" visibility="public" complexity="1" crap="2" count="0"/>
      <line num="66" type="stmt" count="0"/>
      <metrics loc="69" ncloc="68" classes="1" methods="3" coveredmethods="2" conditionals="0" coveredconditionals="0" statements="25" coveredstatements="24" elements="28" coveredelements="26"/>
    </file>
    <file name="D:\research\applications\loyalty-rewards\src\Core\Services\FraudDetection\AmountDetector.php">
      <class name="LoyaltyRewards\Core\Services\FraudDetection\AmountDetector" namespace="global">
        <metrics complexity="5" methods="2" coveredmethods="1" conditionals="0" coveredconditionals="0" statements="15" coveredstatements="13" elements="17" coveredelements="14"/>
      </class>
      <line num="12" type="method" name="__construct" visibility="public" complexity="1" crap="1" count="3"/>
      <line num="16" type="stmt" count="3"/>
      <line num="18" type="method" name="analyze" visibility="public" complexity="4" crap="4.05" count="3"/>
      <line num="23" type="stmt" count="3"/>
      <line num="24" type="stmt" count="3"/>
      <line num="25" type="stmt" count="3"/>
      <line num="27" type="stmt" count="3"/>
      <line num="28" type="stmt" count="1"/>
      <line num="29" type="stmt" count="1"/>
      <line num="30" type="stmt" count="2"/>
      <line num="31" type="stmt" count="0"/>
      <line num="32" type="stmt" count="0"/>
      <line num="36" type="stmt" count="3"/>
      <line num="37" type="stmt" count="3"/>
      <line num="38" type="stmt" count="1"/>
      <line num="39" type="stmt" count="1"/>
      <line num="42" type="stmt" count="3"/>
      <metrics loc="45" ncloc="44" classes="1" methods="2" coveredmethods="1" conditionals="0" coveredconditionals="0" statements="15" coveredstatements="13" elements="17" coveredelements="14"/>
    </file>
    <file name="D:\research\applications\loyalty-rewards\src\Core\Services\FraudDetection\FraudResult.php">
      <class name="LoyaltyRewards\Core\Services\FraudDetection\FraudResult" namespace="global">
        <metrics complexity="9" methods="9" coveredmethods="6" conditionals="0" coveredconditionals="0" statements="18" coveredstatements="9" elements="27" coveredelements="15"/>
      </class>
      <line num="11" type="method" name="__construct" visibility="public" complexity="1" crap="1" count="5"/>
      <line num="16" type="stmt" count="5"/>
      <line num="18" type="method" name="getScore" visibility="public" complexity="1" crap="1" count="4"/>
      <line num="20" type="stmt" count="4"/>
      <line num="23" type="method" name="getReasons" visibility="public" complexity="1" crap="1" count="3"/>
      <line num="25" type="stmt" count="3"/>
      <line num="28" type="method" name="getDetectorResults" visibility="public" complexity="1" crap="2" count="0"/>
      <line num="30" type="stmt" count="0"/>
      <line num="33" type="method" name="isSuspicious" visibility="public" complexity="1" crap="1" count="4"/>
      <line num="35" type="stmt" count="4"/>
      <line num="38" type="method" name="shouldBlock" visibility="public" complexity="1" crap="1" count="5"/>
      <line num="40" type="stmt" count="5"/>
      <line num="43" type="method" name="getRiskLevel" visibility="public" complexity="1" crap="1" count="3"/>
      <line num="46" type="stmt" count="3"/>
      <line num="47" type="stmt" count="2"/>
      <line num="48" type="stmt" count="1"/>
      <line num="49" type="stmt" count="3"/>
      <line num="53" type="method" name="toArray" visibility="public" complexity="1" crap="2" count="0"/>
      <line num="55" type="stmt" count="0"/>
      <line num="56" type="stmt" count="0"/>
      <line num="57" type="stmt" count="0"/>
      <line num="58" type="stmt" count="0"/>
      <line num="59" type="stmt" count="0"/>
      <line num="60" type="stmt" count="0"/>
      <line num="61" type="stmt" count="0"/>
      <line num="64" type="method" name="jsonSerialize" visibility="public" complexity="1" crap="2" count="0"/>
      <line num="66" type="stmt" count="0"/>
      <metrics loc="69" ncloc="67" classes="1" methods="9" coveredmethods="6" conditionals="0" coveredconditionals="0" statements="18" coveredstatements="9" elements="27" coveredelements="15"/>
    </file>
    <file name="D:\research\applications\loyalty-rewards\src\Core\Services\FraudDetection\VelocityDetector.php">
      <class name="LoyaltyRewards\Core\Services\FraudDetection\VelocityDetector" namespace="global">
        <metrics complexity="6" methods="2" coveredmethods="1" conditionals="0" coveredconditionals="0" statements="18" coveredstatements="12" elements="20" coveredelements="13"/>
      </class>
      <line num="12" type="method" name="__construct" visibility="public" complexity="1" crap="1" count="3"/>
      <line num="16" type="stmt" count="3"/>
      <line num="18" type="method" name="analyze" visibility="public" complexity="5" crap="6.10" count="3"/>
      <line num="26" type="stmt" count="3"/>
      <line num="27" type="stmt" count="3"/>
      <line num="29" type="stmt" count="3"/>
      <line num="30" type="stmt" count="3"/>
      <line num="33" type="stmt" count="3"/>
      <line num="34" type="stmt" count="0"/>
      <line num="35" type="stmt" count="0"/>
      <line num="36" type="stmt" count="3"/>
      <line num="37" type="stmt" count="0"/>
      <line num="38" type="stmt" count="0"/>
      <line num="42" type="stmt" count="3"/>
      <line num="43" type="stmt" count="1"/>
      <line num="44" type="stmt" count="1"/>
      <line num="45" type="stmt" count="2"/>
      <line num="46" type="stmt" count="0"/>
      <line num="47" type="stmt" count="0"/>
      <line num="50" type="stmt" count="3"/>
      <metrics loc="53" ncloc="49" classes="1" methods="2" coveredmethods="1" conditionals="0" coveredconditionals="0" statements="18" coveredstatements="12" elements="20" coveredelements="13"/>
    </file>
    <file name="D:\research\applications\loyalty-rewards\src\Core\Services\LoyaltyService.php">
      <class name="LoyaltyRewards\Core\Services\LoyaltyService" namespace="global">
        <metrics complexity="14" methods="8" coveredmethods="2" conditionals="0" coveredconditionals="0" statements="92" coveredstatements="68" elements="100" coveredelements="70"/>
      </class>
      <line num="20" type="method" name="__construct" visibility="public" complexity="1" crap="1" count="3"/>
      <line num="28" type="stmt" count="3"/>
      <line num="34" type="method" name="earnPoints" visibility="public" complexity="3" crap="3.19" count="1"/>
      <line num="39" type="stmt" count="1"/>
      <line num="40" type="stmt" count="1"/>
      <line num="41" type="stmt" count="1"/>
      <line num="42" type="stmt" count="1"/>
      <line num="43" type="stmt" count="1"/>
      <line num="46" type="stmt" count="1"/>
      <line num="49" type="stmt" count="1"/>
      <line num="50" type="stmt" count="1"/>
      <line num="51" type="stmt" count="0"/>
      <line num="52" type="stmt" count="0"/>
      <line num="53" type="stmt" count="0"/>
      <line num="54" type="stmt" count="0"/>
      <line num="55" type="stmt" count="0"/>
      <line num="58" type="stmt" count="1"/>
      <line num="59" type="stmt" count="0"/>
      <line num="60" type="stmt" count="0"/>
      <line num="61" type="stmt" count="0"/>
      <line num="62" type="stmt" count="0"/>
      <line num="63" type="stmt" count="0"/>
      <line num="67" type="stmt" count="1"/>
      <line num="70" type="stmt" count="1"/>
      <line num="73" type="stmt" count="1"/>
      <line num="76" type="stmt" count="1"/>
      <line num="79" type="stmt" count="1"/>
      <line num="81" type="stmt" count="1"/>
      <line num="82" type="stmt" count="1"/>
      <line num="83" type="stmt" count="1"/>
      <line num="84" type="stmt" count="1"/>
      <line num="85" type="stmt" count="1"/>
      <line num="86" type="stmt" count="1"/>
      <line num="88" type="stmt" count="1"/>
      <line num="89" type="stmt" count="1"/>
      <line num="90" type="stmt" count="1"/>
      <line num="91" type="stmt" count="1"/>
      <line num="92" type="stmt" count="1"/>
      <line num="94" type="stmt" count="1"/>
      <line num="100" type="method" name="redeemPoints" visibility="public" complexity="2" crap="2" count="1"/>
      <line num="105" type="stmt" count="1"/>
      <line num="106" type="stmt" count="1"/>
      <line num="107" type="stmt" count="1"/>
      <line num="108" type="stmt" count="1"/>
      <line num="111" type="stmt" count="1"/>
      <line num="114" type="stmt" count="1"/>
      <line num="117" type="stmt" count="1"/>
      <line num="118" type="stmt" count="0"/>
      <line num="122" type="stmt" count="1"/>
      <line num="125" type="stmt" count="1"/>
      <line num="128" type="stmt" count="1"/>
      <line num="131" type="stmt" count="1"/>
      <line num="134" type="stmt" count="1"/>
      <line num="136" type="stmt" count="1"/>
      <line num="137" type="stmt" count="1"/>
      <line num="138" type="stmt" count="1"/>
      <line num="139" type="stmt" count="1"/>
      <line num="140" type="stmt" count="1"/>
      <line num="142" type="stmt" count="1"/>
      <line num="143" type="stmt" count="1"/>
      <line num="144" type="stmt" count="1"/>
      <line num="145" type="stmt" count="1"/>
      <line num="146" type="stmt" count="1"/>
      <line num="147" type="stmt" count="1"/>
      <line num="149" type="stmt" count="1"/>
      <line num="152" type="method" name="createAccount" visibility="public" complexity="2" crap="2.00" count="1"/>
      <line num="154" type="stmt" count="1"/>
      <line num="155" type="stmt" count="1"/>
      <line num="156" type="stmt" count="1"/>
      <line num="159" type="stmt" count="1"/>
      <line num="160" type="stmt" count="0"/>
      <line num="163" type="stmt" count="1"/>
      <line num="164" type="stmt" count="1"/>
      <line num="167" type="stmt" count="1"/>
      <line num="170" type="stmt" count="1"/>
      <line num="172" type="stmt" count="1"/>
      <line num="173" type="stmt" count="1"/>
      <line num="174" type="stmt" count="1"/>
      <line num="175" type="stmt" count="1"/>
      <line num="177" type="stmt" count="1"/>
      <line num="183" type="method" name="getAccountBalance" visibility="public" complexity="1" crap="2" count="0"/>
      <line num="185" type="stmt" count="0"/>
      <line num="186" type="stmt" count="0"/>
      <line num="192" type="method" name="confirmPendingPoints" visibility="public" complexity="1" crap="2" count="0"/>
      <line num="194" type="stmt" count="0"/>
      <line num="195" type="stmt" count="0"/>
      <line num="196" type="stmt" count="0"/>
      <line num="198" type="stmt" count="0"/>
      <line num="199" type="stmt" count="0"/>
      <line num="205" type="method" name="getAccount" visibility="private" complexity="2" crap="4.31" count="2"/>
      <line num="208" type="stmt" count="2"/>
      <line num="209" type="stmt" count="0"/>
      <line num="210" type="stmt" count="0"/>
      <line num="211" type="stmt" count="0"/>
      <line num="212" type="stmt" count="0"/>
      <line num="213" type="stmt" count="0"/>
      <line num="217" type="method" name="dispatchAccountEvents" visibility="private" complexity="2" crap="2" count="3"/>
      <line num="219" type="stmt" count="3"/>
      <line num="220" type="stmt" count="3"/>
      <line num="222" type="stmt" count="3"/>
      <metrics loc="225" ncloc="191" classes="1" methods="8" coveredmethods="2" conditionals="0" coveredconditionals="0" statements="92" coveredstatements="68" elements="100" coveredelements="70"/>
    </file>
    <file name="D:\research\applications\loyalty-rewards\src\Domain\Enums\AccountStatus.php">
      <class name="LoyaltyRewards\Domain\Enums\AccountStatus" namespace="global">
        <metrics complexity="3" methods="3" coveredmethods="3" conditionals="0" coveredconditionals="0" statements="3" coveredstatements="3" elements="6" coveredelements="6"/>
      </class>
      <line num="14" type="method" name="isActive" visibility="public" complexity="1" crap="1" count="4"/>
      <line num="16" type="stmt" count="4"/>
      <line num="19" type="method" name="canEarnPoints" visibility="public" complexity="1" crap="1" count="10"/>
      <line num="21" type="stmt" count="10"/>
      <line num="24" type="method" name="canRedeemPoints" visibility="public" complexity="1" crap="1" count="1"/>
      <line num="26" type="stmt" count="1"/>
      <metrics loc="29" ncloc="29" classes="1" methods="3" coveredmethods="3" conditionals="0" coveredconditionals="0" statements="3" coveredstatements="3" elements="6" coveredelements="6"/>
    </file>
    <file name="D:\research\applications\loyalty-rewards\src\Domain\Enums\TransactionType.php">
      <class name="LoyaltyRewards\Domain\Enums\TransactionType" namespace="global">
        <metrics complexity="3" methods="3" coveredmethods="2" conditionals="0" coveredconditionals="0" statements="15" coveredstatements="14" elements="18" coveredelements="16"/>
      </class>
      <line num="15" type="method" name="isEarning" visibility="public" complexity="1" crap="1" count="1"/>
      <line num="17" type="stmt" count="1"/>
      <line num="18" type="stmt" count="1"/>
      <line num="19" type="stmt" count="1"/>
      <line num="20" type="stmt" count="1"/>
      <line num="23" type="method" name="isSpending" visibility="public" complexity="1" crap="1" count="1"/>
      <line num="25" type="stmt" count="1"/>
      <line num="26" type="stmt" count="1"/>
      <line num="27" type="stmt" count="1"/>
      <line num="28" type="stmt" count="1"/>
      <line num="31" type="method" name="description" visibility="public" complexity="1" crap="1.00" count="1"/>
      <line num="33" type="stmt" count="1"/>
      <line num="34" type="stmt" count="1"/>
      <line num="35" type="stmt" count="1"/>
      <line num="36" type="stmt" count="1"/>
      <line num="37" type="stmt" count="0"/>
      <line num="38" type="stmt" count="1"/>
      <line num="39" type="stmt" count="1"/>
      <metrics loc="42" ncloc="42" classes="1" methods="3" coveredmethods="2" conditionals="0" coveredconditionals="0" statements="15" coveredstatements="14" elements="18" coveredelements="16"/>
    </file>
    <file name="D:\research\applications\loyalty-rewards\src\Domain\Events\AccountCreatedEvent.php">
      <class name="LoyaltyRewards\Domain\Events\AccountCreatedEvent" namespace="global">
        <metrics complexity="1" methods="1" coveredmethods="1" conditionals="0" coveredconditionals="0" statements="1" coveredstatements="1" elements="2" coveredelements="2"/>
      </class>
      <line num="12" type="method" name="__construct" visibility="public" complexity="1" crap="1" count="2"/>
      <line num="17" type="stmt" count="2"/>
      <metrics loc="19" ncloc="19" classes="1" methods="1" coveredmethods="1" conditionals="0" coveredconditionals="0" statements="1" coveredstatements="1" elements="2" coveredelements="2"/>
    </file>
    <file name="D:\research\applications\loyalty-rewards\src\Domain\Events\PointsEarnedEvent.php">
      <class name="LoyaltyRewards\Domain\Events\PointsEarnedEvent" namespace="global">
        <metrics complexity="1" methods="1" coveredmethods="1" conditionals="0" coveredconditionals="0" statements="1" coveredstatements="1" elements="2" coveredelements="2"/>
      </class>
      <line num="13" type="method" name="__construct" visibility="public" complexity="1" crap="1" count="4"/>
      <line num="20" type="stmt" count="4"/>
      <metrics loc="22" ncloc="22" classes="1" methods="1" coveredmethods="1" conditionals="0" coveredconditionals="0" statements="1" coveredstatements="1" elements="2" coveredelements="2"/>
    </file>
    <file name="D:\research\applications\loyalty-rewards\src\Domain\Events\PointsRedeemedEvent.php">
      <class name="LoyaltyRewards\Domain\Events\PointsRedeemedEvent" namespace="global">
        <metrics complexity="1" methods="1" coveredmethods="1" conditionals="0" coveredconditionals="0" statements="1" coveredstatements="1" elements="2" coveredelements="2"/>
      </class>
      <line num="13" type="method" name="__construct" visibility="public" complexity="1" crap="1" count="2"/>
      <line num="19" type="stmt" count="2"/>
      <metrics loc="21" ncloc="21" classes="1" methods="1" coveredmethods="1" conditionals="0" coveredconditionals="0" statements="1" coveredstatements="1" elements="2" coveredelements="2"/>
    </file>
    <file name="D:\research\applications\loyalty-rewards\src\Domain\Models\LoyaltyAccount.php">
      <class name="LoyaltyRewards\Domain\Models\LoyaltyAccount" namespace="global">
        <metrics complexity="34" methods="27" coveredmethods="23" conditionals="0" coveredconditionals="0" statements="125" coveredstatements="109" elements="152" coveredelements="132"/>
      </class>
      <line num="20" type="method" name="__construct" visibility="public" complexity="1" crap="1" count="34"/>
      <line num="30" type="stmt" count="34"/>
      <line num="32" type="method" name="create" visibility="public" complexity="1" crap="1" count="2"/>
      <line num="34" type="stmt" count="2"/>
      <line num="35" type="stmt" count="2"/>
      <line num="36" type="stmt" count="2"/>
      <line num="37" type="stmt" count="2"/>
      <line num="38" type="stmt" count="2"/>
      <line num="39" type="stmt" count="2"/>
      <line num="40" type="stmt" count="2"/>
      <line num="41" type="stmt" count="2"/>
      <line num="42" type="stmt" count="2"/>
      <line num="44" type="stmt" count="2"/>
      <line num="45" type="stmt" count="2"/>
      <line num="48" type="method" name="earnPoints" visibility="public" complexity="1" crap="1" count="5"/>
      <line num="50" type="stmt" count="5"/>
      <line num="52" type="stmt" count="4"/>
      <line num="53" type="stmt" count="4"/>
      <line num="54" type="stmt" count="4"/>
      <line num="55" type="stmt" count="4"/>
      <line num="56" type="stmt" count="4"/>
      <line num="57" type="stmt" count="4"/>
      <line num="60" type="stmt" count="4"/>
      <line num="61" type="stmt" count="4"/>
      <line num="63" type="stmt" count="4"/>
      <line num="64" type="stmt" count="4"/>
      <line num="65" type="stmt" count="4"/>
      <line num="66" type="stmt" count="4"/>
      <line num="67" type="stmt" count="4"/>
      <line num="68" type="stmt" count="4"/>
      <line num="70" type="stmt" count="4"/>
      <line num="73" type="method" name="confirmPendingPoints" visibility="public" complexity="2" crap="2.02" count="2"/>
      <line num="75" type="stmt" count="2"/>
      <line num="77" type="stmt" count="2"/>
      <line num="78" type="stmt" count="0"/>
      <line num="81" type="stmt" count="2"/>
      <line num="82" type="stmt" count="2"/>
      <line num="83" type="stmt" count="2"/>
      <line num="86" type="method" name="redeemPoints" visibility="public" complexity="1" crap="1" count="3"/>
      <line num="88" type="stmt" count="3"/>
      <line num="89" type="stmt" count="3"/>
      <line num="91" type="stmt" count="2"/>
      <line num="93" type="stmt" count="2"/>
      <line num="94" type="stmt" count="2"/>
      <line num="95" type="stmt" count="2"/>
      <line num="96" type="stmt" count="2"/>
      <line num="97" type="stmt" count="2"/>
      <line num="98" type="stmt" count="2"/>
      <line num="100" type="stmt" count="2"/>
      <line num="101" type="stmt" count="2"/>
      <line num="103" type="stmt" count="2"/>
      <line num="104" type="stmt" count="2"/>
      <line num="105" type="stmt" count="2"/>
      <line num="106" type="stmt" count="2"/>
      <line num="107" type="stmt" count="2"/>
      <line num="109" type="stmt" count="2"/>
      <line num="115" type="method" name="adjustPoints" visibility="public" complexity="3" crap="3.07" count="1"/>
      <line num="117" type="stmt" count="1"/>
      <line num="119" type="stmt" count="1"/>
      <line num="120" type="stmt" count="1"/>
      <line num="121" type="stmt" count="1"/>
      <line num="122" type="stmt" count="1"/>
      <line num="124" type="stmt" count="1"/>
      <line num="125" type="stmt" count="1"/>
      <line num="126" type="stmt" count="1"/>
      <line num="127" type="stmt" count="1"/>
      <line num="128" type="stmt" count="1"/>
      <line num="129" type="stmt" count="1"/>
      <line num="131" type="stmt" count="1"/>
      <line num="133" type="stmt" count="1"/>
      <line num="134" type="stmt" count="1"/>
      <line num="137" type="stmt" count="0"/>
      <line num="138" type="stmt" count="0"/>
      <line num="139" type="stmt" count="0"/>
      <line num="141" type="stmt" count="0"/>
      <line num="145" type="stmt" count="1"/>
      <line num="147" type="stmt" count="1"/>
      <line num="153" type="method" name="expirePoints" visibility="public" complexity="2" crap="2.00" count="1"/>
      <line num="155" type="stmt" count="1"/>
      <line num="157" type="stmt" count="1"/>
      <line num="158" type="stmt" count="1"/>
      <line num="159" type="stmt" count="0"/>
      <line num="161" type="stmt" count="1"/>
      <line num="162" type="stmt" count="1"/>
      <line num="163" type="stmt" count="1"/>
      <line num="164" type="stmt" count="1"/>
      <line num="166" type="stmt" count="1"/>
      <line num="167" type="stmt" count="1"/>
      <line num="168" type="stmt" count="1"/>
      <line num="169" type="stmt" count="1"/>
      <line num="170" type="stmt" count="1"/>
      <line num="171" type="stmt" count="1"/>
      <line num="173" type="stmt" count="1"/>
      <line num="174" type="stmt" count="1"/>
      <line num="176" type="stmt" count="1"/>
      <line num="179" type="method" name="suspend" visibility="public" complexity="1" crap="1" count="3"/>
      <line num="181" type="stmt" count="3"/>
      <line num="184" type="method" name="activate" visibility="public" complexity="1" crap="1" count="1"/>
      <line num="186" type="stmt" count="1"/>
      <line num="189" type="method" name="close" visibility="public" complexity="1" crap="1" count="1"/>
      <line num="191" type="stmt" count="1"/>
      <line num="192" type="stmt" count="1"/>
      <line num="193" type="stmt" count="1"/>
      <line num="197" type="method" name="getId" visibility="public" complexity="1" crap="1" count="22"/>
      <line num="199" type="stmt" count="22"/>
      <line num="202" type="method" name="getCustomerId" visibility="public" complexity="1" crap="1" count="22"/>
      <line num="204" type="stmt" count="22"/>
      <line num="207" type="method" name="getAvailablePoints" visibility="public" complexity="1" crap="1" count="23"/>
      <line num="209" type="stmt" count="23"/>
      <line num="212" type="method" name="getPendingPoints" visibility="public" complexity="1" crap="1" count="18"/>
      <line num="214" type="stmt" count="18"/>
      <line num="217" type="method" name="getLifetimePoints" visibility="public" complexity="1" crap="1" count="13"/>
      <line num="219" type="stmt" count="13"/>
      <line num="222" type="method" name="getStatus" visibility="public" complexity="1" crap="1" count="13"/>
      <line num="224" type="stmt" count="13"/>
      <line num="227" type="method" name="getCreatedAt" visibility="public" complexity="1" crap="1" count="13"/>
      <line num="229" type="stmt" count="13"/>
      <line num="232" type="method" name="getLastActivityAt" visibility="public" complexity="1" crap="1" count="11"/>
      <line num="234" type="stmt" count="11"/>
      <line num="237" type="method" name="isActive" visibility="public" complexity="1" crap="1" count="4"/>
      <line num="239" type="stmt" count="4"/>
      <line num="242" type="method" name="canEarnPoints" visibility="public" complexity="1" crap="1" count="10"/>
      <line num="244" type="stmt" count="10"/>
      <line num="247" type="method" name="canRedeemPoints" visibility="public" complexity="2" crap="2" count="1"/>
      <line num="249" type="stmt" count="1"/>
      <line num="253" type="method" name="getEvents" visibility="public" complexity="1" crap="1" count="17"/>
      <line num="255" type="stmt" count="17"/>
      <line num="258" type="method" name="clearEvents" visibility="public" complexity="1" crap="1" count="4"/>
      <line num="260" type="stmt" count="4"/>
      <line num="263" type="method" name="recordEvent" visibility="private" complexity="1" crap="1" count="8"/>
      <line num="265" type="stmt" count="8"/>
      <line num="269" type="method" name="guardAgainstInactiveAccount" visibility="private" complexity="2" crap="2" count="10"/>
      <line num="271" type="stmt" count="10"/>
      <line num="272" type="stmt" count="1"/>
      <line num="273" type="stmt" count="1"/>
      <line num="274" type="stmt" count="1"/>
      <line num="278" type="method" name="guardAgainstInsufficientPoints" visibility="private" complexity="2" crap="2" count="3"/>
      <line num="280" type="stmt" count="3"/>
      <line num="281" type="stmt" count="1"/>
      <line num="282" type="stmt" count="1"/>
      <line num="283" type="stmt" count="1"/>
      <line num="287" type="method" name="jsonSerialize" visibility="public" complexity="1" crap="2" count="0"/>
      <line num="289" type="stmt" count="0"/>
      <line num="290" type="stmt" count="0"/>
      <line num="291" type="stmt" count="0"/>
      <line num="292" type="stmt" count="0"/>
      <line num="293" type="stmt" count="0"/>
      <line num="294" type="stmt" count="0"/>
      <line num="295" type="stmt" count="0"/>
      <line num="296" type="stmt" count="0"/>
      <line num="297" type="stmt" count="0"/>
      <line num="298" type="stmt" count="0"/>
      <metrics loc="301" ncloc="289" classes="1" methods="27" coveredmethods="23" conditionals="0" coveredconditionals="0" statements="125" coveredstatements="109" elements="152" coveredelements="132"/>
    </file>
    <file name="D:\research\applications\loyalty-rewards\src\Domain\Models\PointsTransaction.php">
      <class name="LoyaltyRewards\Domain\Models\PointsTransaction" namespace="global">
        <metrics complexity="15" methods="14" coveredmethods="11" conditionals="0" coveredconditionals="0" statements="39" coveredstatements="36" elements="53" coveredelements="47"/>
      </class>
      <line num="14" type="method" name="__construct" visibility="public" complexity="1" crap="1" count="25"/>
      <line num="23" type="stmt" count="25"/>
      <line num="25" type="method" name="create" visibility="public" complexity="1" crap="1" count="25"/>
      <line num="31" type="stmt" count="25"/>
      <line num="32" type="stmt" count="25"/>
      <line num="33" type="stmt" count="25"/>
      <line num="34" type="stmt" count="25"/>
      <line num="35" type="stmt" count="25"/>
      <line num="36" type="stmt" count="25"/>
      <line num="37" type="stmt" count="25"/>
      <line num="38" type="stmt" count="25"/>
      <line num="41" type="method" name="getId" visibility="public" complexity="1" crap="1" count="11"/>
      <line num="43" type="stmt" count="11"/>
      <line num="46" type="method" name="getAccountId" visibility="public" complexity="1" crap="1" count="7"/>
      <line num="48" type="stmt" count="7"/>
      <line num="51" type="method" name="getType" visibility="public" complexity="1" crap="1" count="7"/>
      <line num="53" type="stmt" count="7"/>
      <line num="56" type="method" name="getPoints" visibility="public" complexity="1" crap="1" count="13"/>
      <line num="58" type="stmt" count="13"/>
      <line num="61" type="method" name="getContext" visibility="public" complexity="1" crap="1" count="11"/>
      <line num="63" type="stmt" count="11"/>
      <line num="66" type="method" name="getCreatedAt" visibility="public" complexity="1" crap="1" count="7"/>
      <line num="68" type="stmt" count="7"/>
      <line num="71" type="method" name="getProcessedAt" visibility="public" complexity="1" crap="1" count="8"/>
      <line num="73" type="stmt" count="8"/>
      <line num="76" type="method" name="isProcessed" visibility="public" complexity="1" crap="1" count="1"/>
      <line num="78" type="stmt" count="1"/>
      <line num="81" type="method" name="markAsProcessed" visibility="public" complexity="2" crap="2.00" count="1"/>
      <line num="83" type="stmt" count="1"/>
      <line num="84" type="stmt" count="0"/>
      <line num="87" type="stmt" count="1"/>
      <line num="88" type="stmt" count="1"/>
      <line num="89" type="stmt" count="1"/>
      <line num="90" type="stmt" count="1"/>
      <line num="91" type="stmt" count="1"/>
      <line num="92" type="stmt" count="1"/>
      <line num="93" type="stmt" count="1"/>
      <line num="94" type="stmt" count="1"/>
      <line num="95" type="stmt" count="1"/>
      <line num="98" type="method" name="isEarning" visibility="public" complexity="1" crap="2" count="0"/>
      <line num="100" type="stmt" count="0"/>
      <line num="103" type="method" name="isSpending" visibility="public" complexity="1" crap="2" count="0"/>
      <line num="105" type="stmt" count="0"/>
      <line num="108" type="method" name="jsonSerialize" visibility="public" complexity="1" crap="1" count="2"/>
      <line num="110" type="stmt" count="2"/>
      <line num="111" type="stmt" count="2"/>
      <line num="112" type="stmt" count="2"/>
      <line num="113" type="stmt" count="2"/>
      <line num="114" type="stmt" count="2"/>
      <line num="115" type="stmt" count="2"/>
      <line num="116" type="stmt" count="2"/>
      <line num="117" type="stmt" count="2"/>
      <line num="118" type="stmt" count="2"/>
      <metrics loc="121" ncloc="121" classes="1" methods="14" coveredmethods="11" conditionals="0" coveredconditionals="0" statements="39" coveredstatements="36" elements="53" coveredelements="47"/>
    </file>
    <file name="D:\research\applications\loyalty-rewards\src\Domain\Repositories\AccountRepositoryInterface.php">
      <metrics loc="49" ncloc="34" classes="0" methods="0" coveredmethods="0" conditionals="0" coveredconditionals="0" statements="0" coveredstatements="0" elements="0" coveredelements="0"/>
    </file>
    <file name="D:\research\applications\loyalty-rewards\src\Domain\Repositories\AuditRepositoryInterface.php">
      <metrics loc="43" ncloc="31" classes="0" methods="0" coveredmethods="0" conditionals="0" coveredconditionals="0" statements="0" coveredstatements="0" elements="0" coveredelements="0"/>
    </file>
    <file name="D:\research\applications\loyalty-rewards\src\Domain\Repositories\TransactionRepositoryInterface.php">
      <metrics loc="65" ncloc="47" classes="0" methods="0" coveredmethods="0" conditionals="0" coveredconditionals="0" statements="0" coveredstatements="0" elements="0" coveredelements="0"/>
    </file>
    <file name="D:\research\applications\loyalty-rewards\src\Domain\ValueObjects\AccountId.php">
      <class name="LoyaltyRewards\Domain\ValueObjects\AccountId" namespace="global">
        <metrics complexity="8" methods="7" coveredmethods="4" conditionals="0" coveredconditionals="0" statements="9" coveredstatements="5" elements="16" coveredelements="9"/>
      </class>
      <line num="14" type="method" name="__construct" visibility="public" complexity="1" crap="1" count="42"/>
      <line num="16" type="stmt" count="42"/>
      <line num="18" type="method" name="generate" visibility="public" complexity="1" crap="1" count="42"/>
      <line num="20" type="stmt" count="42"/>
      <line num="23" type="method" name="fromString" visibility="public" complexity="2" crap="3.19" count="9"/>
      <line num="26" type="stmt" count="9"/>
      <line num="27" type="stmt" count="0"/>
      <line num="28" type="stmt" count="0"/>
      <line num="32" type="method" name="toString" visibility="public" complexity="1" crap="1" count="26"/>
      <line num="34" type="stmt" count="26"/>
      <line num="37" type="method" name="equals" visibility="public" complexity="1" crap="2" count="0"/>
      <line num="39" type="stmt" count="0"/>
      <line num="42" type="method" name="jsonSerialize" visibility="public" complexity="1" crap="2" count="0"/>
      <line num="44" type="stmt" count="0"/>
      <line num="47" type="method" name="__toString" visibility="public" complexity="1" crap="1" count="1"/>
      <line num="49" type="stmt" count="1"/>
      <metrics loc="52" ncloc="52" classes="1" methods="7" coveredmethods="4" conditionals="0" coveredconditionals="0" statements="9" coveredstatements="5" elements="16" coveredelements="9"/>
    </file>
    <file name="D:\research\applications\loyalty-rewards\src\Domain\ValueObjects\ConversionRate.php">
      <class name="LoyaltyRewards\Domain\ValueObjects\ConversionRate" namespace="global">
        <metrics complexity="12" methods="9" coveredmethods="7" conditionals="0" coveredconditionals="0" statements="12" coveredstatements="10" elements="21" coveredelements="17"/>
      </class>
      <line num="12" type="method" name="__construct" visibility="public" complexity="2" crap="2.50" count="32"/>
      <line num="14" type="stmt" count="32"/>
      <line num="15" type="stmt" count="0"/>
      <line num="19" type="method" name="standard" visibility="public" complexity="1" crap="1" count="29"/>
      <line num="21" type="stmt" count="29"/>
      <line num="24" type="method" name="fromMultiplier" visibility="public" complexity="1" crap="1" count="4"/>
      <line num="26" type="stmt" count="4"/>
      <line num="29" type="method" name="fromRatio" visibility="public" complexity="3" crap="3.33" count="1"/>
      <line num="31" type="stmt" count="1"/>
      <line num="32" type="stmt" count="0"/>
      <line num="35" type="stmt" count="1"/>
      <line num="38" type="method" name="multiplier" visibility="public" complexity="1" crap="1" count="12"/>
      <line num="40" type="stmt" count="12"/>
      <line num="43" type="method" name="inverse" visibility="public" complexity="1" crap="1" count="1"/>
      <line num="45" type="stmt" count="1"/>
      <line num="48" type="method" name="equals" visibility="public" complexity="1" crap="1" count="1"/>
      <line num="50" type="stmt" count="1"/>
      <line num="53" type="method" name="jsonSerialize" visibility="public" complexity="1" crap="1" count="1"/>
      <line num="55" type="stmt" count="1"/>
      <line num="58" type="method" name="__toString" visibility="public" complexity="1" crap="1" count="1"/>
      <line num="60" type="stmt" count="1"/>
      <metrics loc="63" ncloc="62" classes="1" methods="9" coveredmethods="7" conditionals="0" coveredconditionals="0" statements="12" coveredstatements="10" elements="21" coveredelements="17"/>
    </file>
    <file name="D:\research\applications\loyalty-rewards\src\Domain\ValueObjects\Currency.php">
      <class name="LoyaltyRewards\Domain\ValueObjects\Currency" namespace="global">
        <metrics complexity="17" methods="14" coveredmethods="11" conditionals="0" coveredconditionals="0" statements="27" coveredstatements="23" elements="41" coveredelements="34"/>
      </class>
      <line num="23" type="method" name="__construct" visibility="public" complexity="3" crap="3" count="42"/>
      <line num="25" type="stmt" count="42"/>
      <line num="27" type="stmt" count="42"/>
      <line num="28" type="stmt" count="1"/>
      <line num="31" type="stmt" count="42"/>
      <line num="32" type="stmt" count="1"/>
      <line num="35" type="stmt" count="41"/>
      <line num="38" type="method" name="USD" visibility="public" complexity="1" crap="1" count="41"/>
      <line num="40" type="stmt" count="41"/>
      <line num="43" type="method" name="EUR" visibility="public" complexity="1" crap="1" count="4"/>
      <line num="45" type="stmt" count="4"/>
      <line num="48" type="method" name="GBP" visibility="public" complexity="1" crap="1" count="2"/>
      <line num="50" type="stmt" count="2"/>
      <line num="53" type="method" name="NGN" visibility="public" complexity="1" crap="2" count="0"/>
      <line num="55" type="stmt" count="0"/>
      <line num="58" type="method" name="supportedCurrencies" visibility="public" complexity="1" crap="1" count="1"/>
      <line num="60" type="stmt" count="1"/>
      <line num="63" type="method" name="code" visibility="public" complexity="1" crap="1" count="17"/>
      <line num="65" type="stmt" count="17"/>
      <line num="68" type="method" name="name" visibility="public" complexity="1" crap="1" count="1"/>
      <line num="70" type="stmt" count="1"/>
      <line num="73" type="method" name="symbol" visibility="public" complexity="1" crap="1" count="12"/>
      <line num="75" type="stmt" count="12"/>
      <line num="78" type="method" name="decimals" visibility="public" complexity="1" crap="1" count="12"/>
      <line num="80" type="stmt" count="12"/>
      <line num="83" type="method" name="equals" visibility="public" complexity="1" crap="1" count="8"/>
      <line num="85" type="stmt" count="8"/>
      <line num="88" type="method" name="format" visibility="public" complexity="2" crap="2.04" count="11"/>
      <line num="90" type="stmt" count="11"/>
      <line num="91" type="stmt" count="11"/>
      <line num="93" type="stmt" count="11"/>
      <line num="94" type="stmt" count="0"/>
      <line num="97" type="stmt" count="11"/>
      <line num="98" type="stmt" count="11"/>
      <line num="99" type="stmt" count="0"/>
      <line num="100" type="stmt" count="11"/>
      <line num="101" type="stmt" count="11"/>
      <line num="104" type="method" name="jsonSerialize" visibility="public" complexity="1" crap="2" count="0"/>
      <line num="106" type="stmt" count="0"/>
      <line num="109" type="method" name="__toString" visibility="public" complexity="1" crap="1" count="1"/>
      <line num="111" type="stmt" count="1"/>
      <metrics loc="114" ncloc="114" classes="1" methods="14" coveredmethods="11" conditionals="0" coveredconditionals="0" statements="27" coveredstatements="23" elements="41" coveredelements="34"/>
    </file>
    <file name="D:\research\applications\loyalty-rewards\src\Domain\ValueObjects\CustomerId.php">
      <class name="LoyaltyRewards\Domain\ValueObjects\CustomerId" namespace="global">
        <metrics complexity="7" methods="6" coveredmethods="2" conditionals="0" coveredconditionals="0" statements="8" coveredstatements="4" elements="14" coveredelements="6"/>
      </class>
      <line num="12" type="method" name="__construct" visibility="public" complexity="2" crap="2.15" count="35"/>
      <line num="14" type="stmt" count="35"/>
      <line num="15" type="stmt" count="0"/>
      <line num="18" type="stmt" count="35"/>
      <line num="21" type="method" name="fromString" visibility="public" complexity="1" crap="1" count="35"/>
      <line num="23" type="stmt" count="35"/>
      <line num="26" type="method" name="toString" visibility="public" complexity="1" crap="1" count="22"/>
      <line num="28" type="stmt" count="22"/>
      <line num="31" type="method" name="equals" visibility="public" complexity="1" crap="2" count="0"/>
      <line num="33" type="stmt" count="0"/>
      <line num="36" type="method" name="jsonSerialize" visibility="public" complexity="1" crap="2" count="0"/>
      <line num="38" type="stmt" count="0"/>
      <line num="41" type="method" name="__toString" visibility="public" complexity="1" crap="2" count="0"/>
      <line num="43" type="stmt" count="0"/>
      <metrics loc="46" ncloc="46" classes="1" methods="6" coveredmethods="2" conditionals="0" coveredconditionals="0" statements="8" coveredstatements="4" elements="14" coveredelements="6"/>
    </file>
    <file name="D:\research\applications\loyalty-rewards\src\Domain\ValueObjects\Money.php">
      <class name="LoyaltyRewards\Domain\ValueObjects\Money" namespace="global">
        <metrics complexity="30" methods="22" coveredmethods="14" conditionals="0" coveredconditionals="0" statements="47" coveredstatements="30" elements="69" coveredelements="44"/>
      </class>
      <line num="12" type="method" name="__construct" visibility="public" complexity="2" crap="2" count="35"/>
      <line num="16" type="stmt" count="35"/>
      <line num="17" type="stmt" count="1"/>
      <line num="21" type="method" name="zero" visibility="public" complexity="1" crap="1" count="1"/>
      <line num="23" type="stmt" count="1"/>
      <line num="26" type="method" name="fromCents" visibility="public" complexity="1" crap="1" count="1"/>
      <line num="28" type="stmt" count="1"/>
      <line num="31" type="method" name="fromDollars" visibility="public" complexity="1" crap="1" count="33"/>
      <line num="33" type="stmt" count="33"/>
      <line num="36" type="method" name="fromString" visibility="public" complexity="1" crap="2" count="0"/>
      <line num="38" type="stmt" count="0"/>
      <line num="39" type="stmt" count="0"/>
      <line num="40" type="stmt" count="0"/>
      <line num="43" type="method" name="amount" visibility="public" complexity="1" crap="1" count="9"/>
      <line num="45" type="stmt" count="9"/>
      <line num="48" type="method" name="currency" visibility="public" complexity="1" crap="1" count="14"/>
      <line num="50" type="stmt" count="14"/>
      <line num="53" type="method" name="toDollars" visibility="public" complexity="1" crap="1" count="29"/>
      <line num="55" type="stmt" count="29"/>
      <line num="58" type="method" name="add" visibility="public" complexity="1" crap="1" count="2"/>
      <line num="60" type="stmt" count="2"/>
      <line num="61" type="stmt" count="1"/>
      <line num="64" type="method" name="subtract" visibility="public" complexity="2" crap="2.06" count="1"/>
      <line num="66" type="stmt" count="1"/>
      <line num="68" type="stmt" count="1"/>
      <line num="69" type="stmt" count="0"/>
      <line num="72" type="stmt" count="1"/>
      <line num="75" type="method" name="multiply" visibility="public" complexity="2" crap="2.15" count="1"/>
      <line num="77" type="stmt" count="1"/>
      <line num="78" type="stmt" count="0"/>
      <line num="81" type="stmt" count="1"/>
      <line num="84" type="method" name="divide" visibility="public" complexity="2" crap="6" count="0"/>
      <line num="86" type="stmt" count="0"/>
      <line num="87" type="stmt" count="0"/>
      <line num="90" type="stmt" count="0"/>
      <line num="93" type="method" name="percentage" visibility="public" complexity="3" crap="12" count="0"/>
      <line num="95" type="stmt" count="0"/>
      <line num="96" type="stmt" count="0"/>
      <line num="99" type="stmt" count="0"/>
      <line num="102" type="method" name="convertToPoints" visibility="public" complexity="1" crap="1" count="9"/>
      <line num="104" type="stmt" count="9"/>
      <line num="107" type="method" name="equals" visibility="public" complexity="2" crap="6" count="0"/>
      <line num="109" type="stmt" count="0"/>
      <line num="110" type="stmt" count="0"/>
      <line num="113" type="method" name="isGreaterThan" visibility="public" complexity="1" crap="2" count="0"/>
      <line num="115" type="stmt" count="0"/>
      <line num="116" type="stmt" count="0"/>
      <line num="119" type="method" name="isLessThan" visibility="public" complexity="1" crap="2" count="0"/>
      <line num="121" type="stmt" count="0"/>
      <line num="122" type="stmt" count="0"/>
      <line num="125" type="method" name="isZero" visibility="public" complexity="1" crap="1" count="1"/>
      <line num="127" type="stmt" count="1"/>
      <line num="130" type="method" name="assertSameCurrency" visibility="private" complexity="2" crap="2" count="7"/>
      <line num="132" type="stmt" count="7"/>
      <line num="133" type="stmt" count="1"/>
      <line num="134" type="stmt" count="1"/>
      <line num="135" type="stmt" count="1"/>
      <line num="139" type="method" name="jsonSerialize" visibility="public" complexity="1" crap="1" count="2"/>
      <line num="141" type="stmt" count="2"/>
      <line num="142" type="stmt" count="2"/>
      <line num="143" type="stmt" count="2"/>
      <line num="144" type="stmt" count="2"/>
      <line num="145" type="stmt" count="2"/>
      <line num="146" type="stmt" count="2"/>
      <line num="149" type="method" name="__toString" visibility="public" complexity="1" crap="1" count="8"/>
      <line num="151" type="stmt" count="8"/>
      <line num="154" type="method" name="isGreaterThanOrEqual" visibility="public" complexity="1" crap="1" count="4"/>
      <line num="156" type="stmt" count="4"/>
      <line num="157" type="stmt" count="4"/>
      <metrics loc="160" ncloc="159" classes="1" methods="22" coveredmethods="14" conditionals="0" coveredconditionals="0" statements="47" coveredstatements="30" elements="69" coveredelements="44"/>
    </file>
    <file name="D:\research\applications\loyalty-rewards\src\Domain\ValueObjects\Points.php">
      <class name="LoyaltyRewards\Domain\ValueObjects\Points" namespace="global">
        <metrics complexity="22" methods="16" coveredmethods="13" conditionals="0" coveredconditionals="0" statements="26" coveredstatements="21" elements="42" coveredelements="34"/>
      </class>
      <line num="12" type="method" name="__construct" visibility="public" complexity="2" crap="2" count="65"/>
      <line num="14" type="stmt" count="65"/>
      <line num="15" type="stmt" count="1"/>
      <line num="19" type="method" name="zero" visibility="public" complexity="1" crap="1" count="39"/>
      <line num="21" type="stmt" count="39"/>
      <line num="24" type="method" name="fromInt" visibility="public" complexity="1" crap="1" count="56"/>
      <line num="26" type="stmt" count="56"/>
      <line num="29" type="method" name="value" visibility="public" complexity="1" crap="1" count="48"/>
      <line num="31" type="stmt" count="48"/>
      <line num="34" type="method" name="add" visibility="public" complexity="1" crap="1" count="9"/>
      <line num="36" type="stmt" count="9"/>
      <line num="39" type="method" name="subtract" visibility="public" complexity="2" crap="2" count="7"/>
      <line num="41" type="stmt" count="7"/>
      <line num="43" type="stmt" count="7"/>
      <line num="44" type="stmt" count="1"/>
      <line num="47" type="stmt" count="6"/>
      <line num="50" type="method" name="multiply" visibility="public" complexity="2" crap="2" count="10"/>
      <line num="52" type="stmt" count="10"/>
      <line num="53" type="stmt" count="1"/>
      <line num="56" type="stmt" count="9"/>
      <line num="59" type="method" name="divide" visibility="public" complexity="2" crap="6" count="0"/>
      <line num="61" type="stmt" count="0"/>
      <line num="62" type="stmt" count="0"/>
      <line num="65" type="stmt" count="0"/>
      <line num="68" type="method" name="percentage" visibility="public" complexity="3" crap="3.33" count="1"/>
      <line num="70" type="stmt" count="1"/>
      <line num="71" type="stmt" count="0"/>
      <line num="74" type="stmt" count="1"/>
      <line num="77" type="method" name="isGreaterThan" visibility="public" complexity="1" crap="1" count="5"/>
      <line num="79" type="stmt" count="5"/>
      <line num="82" type="method" name="isGreaterThanOrEqual" visibility="public" complexity="1" crap="1" count="7"/>
      <line num="84" type="stmt" count="7"/>
      <line num="87" type="method" name="isLessThan" visibility="public" complexity="1" crap="1" count="1"/>
      <line num="89" type="stmt" count="1"/>
      <line num="92" type="method" name="isZero" visibility="public" complexity="1" crap="2" count="0"/>
      <line num="94" type="stmt" count="0"/>
      <line num="97" type="method" name="equals" visibility="public" complexity="1" crap="1" count="1"/>
      <line num="99" type="stmt" count="1"/>
      <line num="102" type="method" name="jsonSerialize" visibility="public" complexity="1" crap="1" count="1"/>
      <line num="104" type="stmt" count="1"/>
      <line num="107" type="method" name="__toString" visibility="public" complexity="1" crap="1" count="1"/>
      <line num="109" type="stmt" count="1"/>
      <metrics loc="112" ncloc="112" classes="1" methods="16" coveredmethods="13" conditionals="0" coveredconditionals="0" statements="26" coveredstatements="21" elements="42" coveredelements="34"/>
    </file>
    <file name="D:\research\applications\loyalty-rewards\src\Domain\ValueObjects\TransactionContext.php">
      <class name="LoyaltyRewards\Domain\ValueObjects\TransactionContext" namespace="global">
        <metrics complexity="15" methods="13" coveredmethods="12" conditionals="0" coveredconditionals="0" statements="24" coveredstatements="23" elements="37" coveredelements="35"/>
      </class>
      <line num="12" type="method" name="__construct" visibility="public" complexity="1" crap="1" count="60"/>
      <line num="16" type="stmt" count="60"/>
      <line num="19" type="method" name="create" visibility="public" complexity="1" crap="1" count="47"/>
      <line num="21" type="stmt" count="47"/>
      <line num="24" type="method" name="redemption" visibility="public" complexity="1" crap="1" count="7"/>
      <line num="26" type="stmt" count="7"/>
      <line num="27" type="stmt" count="7"/>
      <line num="28" type="stmt" count="7"/>
      <line num="29" type="stmt" count="7"/>
      <line num="32" type="method" name="earning" visibility="public" complexity="3" crap="3" count="1"/>
      <line num="37" type="stmt" count="1"/>
      <line num="39" type="stmt" count="1"/>
      <line num="40" type="stmt" count="1"/>
      <line num="43" type="stmt" count="1"/>
      <line num="44" type="stmt" count="1"/>
      <line num="47" type="stmt" count="1"/>
      <line num="50" type="method" name="get" visibility="public" complexity="1" crap="1" count="21"/>
      <line num="52" type="stmt" count="21"/>
      <line num="55" type="method" name="has" visibility="public" complexity="1" crap="1" count="1"/>
      <line num="57" type="stmt" count="1"/>
      <line num="60" type="method" name="getCategory" visibility="public" complexity="1" crap="1" count="13"/>
      <line num="62" type="stmt" count="13"/>
      <line num="65" type="method" name="getSource" visibility="public" complexity="1" crap="1" count="2"/>
      <line num="67" type="stmt" count="2"/>
      <line num="70" type="method" name="getTimestamp" visibility="public" complexity="1" crap="1" count="6"/>
      <line num="72" type="stmt" count="6"/>
      <line num="75" type="method" name="with" visibility="public" complexity="1" crap="1" count="6"/>
      <line num="77" type="stmt" count="6"/>
      <line num="80" type="method" name="merge" visibility="public" complexity="1" crap="1" count="1"/>
      <line num="82" type="stmt" count="1"/>
      <line num="85" type="method" name="toArray" visibility="public" complexity="1" crap="1" count="16"/>
      <line num="87" type="stmt" count="16"/>
      <line num="88" type="stmt" count="16"/>
      <line num="89" type="stmt" count="16"/>
      <line num="90" type="stmt" count="16"/>
      <line num="93" type="method" name="jsonSerialize" visibility="public" complexity="1" crap="2" count="0"/>
      <line num="95" type="stmt" count="0"/>
      <metrics loc="98" ncloc="98" classes="1" methods="13" coveredmethods="12" conditionals="0" coveredconditionals="0" statements="24" coveredstatements="23" elements="37" coveredelements="35"/>
    </file>
    <file name="D:\research\applications\loyalty-rewards\src\Domain\ValueObjects\TransactionId.php">
      <class name="LoyaltyRewards\Domain\ValueObjects\TransactionId" namespace="global">
        <metrics complexity="8" methods="7" coveredmethods="3" conditionals="0" coveredconditionals="0" statements="9" coveredstatements="4" elements="16" coveredelements="7"/>
      </class>
      <line num="14" type="method" name="__construct" visibility="public" complexity="1" crap="1" count="25"/>
      <line num="16" type="stmt" count="25"/>
      <line num="18" type="method" name="generate" visibility="public" complexity="1" crap="1" count="25"/>
      <line num="20" type="stmt" count="25"/>
      <line num="23" type="method" name="fromString" visibility="public" complexity="2" crap="3.19" count="5"/>
      <line num="26" type="stmt" count="5"/>
      <line num="27" type="stmt" count="0"/>
      <line num="28" type="stmt" count="0"/>
      <line num="32" type="method" name="toString" visibility="public" complexity="1" crap="1" count="13"/>
      <line num="34" type="stmt" count="13"/>
      <line num="37" type="method" name="equals" visibility="public" complexity="1" crap="2" count="0"/>
      <line num="39" type="stmt" count="0"/>
      <line num="42" type="method" name="jsonSerialize" visibility="public" complexity="1" crap="2" count="0"/>
      <line num="44" type="stmt" count="0"/>
      <line num="47" type="method" name="__toString" visibility="public" complexity="1" crap="2" count="0"/>
      <line num="49" type="stmt" count="0"/>
      <metrics loc="52" ncloc="52" classes="1" methods="7" coveredmethods="3" conditionals="0" coveredconditionals="0" statements="9" coveredstatements="4" elements="16" coveredelements="7"/>
    </file>
    <file name="D:\research\applications\loyalty-rewards\src\Infrastructure\Audit\AuditRecord.php">
      <class name="LoyaltyRewards\Infrastructure\Audit\AuditRecord" namespace="global">
        <metrics complexity="3" methods="3" coveredmethods="3" conditionals="0" coveredconditionals="0" statements="21" coveredstatements="21" elements="24" coveredelements="24"/>
      </class>
      <line num="12" type="method" name="__construct" visibility="public" complexity="1" crap="1" count="12"/>
      <line num="22" type="stmt" count="12"/>
      <line num="24" type="method" name="create" visibility="public" complexity="1" crap="1" count="12"/>
      <line num="33" type="stmt" count="12"/>
      <line num="34" type="stmt" count="12"/>
      <line num="35" type="stmt" count="12"/>
      <line num="36" type="stmt" count="12"/>
      <line num="37" type="stmt" count="12"/>
      <line num="38" type="stmt" count="12"/>
      <line num="39" type="stmt" count="12"/>
      <line num="40" type="stmt" count="12"/>
      <line num="41" type="stmt" count="12"/>
      <line num="42" type="stmt" count="12"/>
      <line num="45" type="method" name="jsonSerialize" visibility="public" complexity="1" crap="1" count="1"/>
      <line num="47" type="stmt" count="1"/>
      <line num="48" type="stmt" count="1"/>
      <line num="49" type="stmt" count="1"/>
      <line num="50" type="stmt" count="1"/>
      <line num="51" type="stmt" count="1"/>
      <line num="52" type="stmt" count="1"/>
      <line num="53" type="stmt" count="1"/>
      <line num="54" type="stmt" count="1"/>
      <line num="55" type="stmt" count="1"/>
      <line num="56" type="stmt" count="1"/>
      <metrics loc="59" ncloc="59" classes="1" methods="3" coveredmethods="3" conditionals="0" coveredconditionals="0" statements="21" coveredstatements="21" elements="24" coveredelements="24"/>
    </file>
    <file name="D:\research\applications\loyalty-rewards\src\Infrastructure\Database\DatabaseAccountRepository.php">
      <class name="LoyaltyRewards\Infrastructure\Database\DatabaseAccountRepository" namespace="global">
        <metrics complexity="26" methods="15" coveredmethods="9" conditionals="0" coveredconditionals="0" statements="101" coveredstatements="73" elements="116" coveredelements="82"/>
      </class>
      <line num="19" type="method" name="__construct" visibility="public" complexity="1" crap="1" count="15"/>
      <line num="23" type="stmt" count="15"/>
      <line num="25" type="method" name="findById" visibility="public" complexity="2" crap="2" count="3"/>
      <line num="27" type="stmt" count="3"/>
      <line num="28" type="stmt" count="3"/>
      <line num="29" type="stmt" count="3"/>
      <line num="31" type="stmt" count="3"/>
      <line num="33" type="stmt" count="3"/>
      <line num="34" type="stmt" count="1"/>
      <line num="37" type="stmt" count="2"/>
      <line num="40" type="method" name="findByCustomerId" visibility="public" complexity="2" crap="2.01" count="1"/>
      <line num="42" type="stmt" count="1"/>
      <line num="43" type="stmt" count="1"/>
      <line num="44" type="stmt" count="1"/>
      <line num="46" type="stmt" count="1"/>
      <line num="48" type="stmt" count="1"/>
      <line num="49" type="stmt" count="0"/>
      <line num="52" type="stmt" count="1"/>
      <line num="55" type="method" name="findByCustomerIds" visibility="public" complexity="3" crap="12" count="0"/>
      <line num="57" type="stmt" count="0"/>
      <line num="58" type="stmt" count="0"/>
      <line num="61" type="stmt" count="0"/>
      <line num="62" type="stmt" count="0"/>
      <line num="64" type="stmt" count="0"/>
      <line num="65" type="stmt" count="0"/>
      <line num="67" type="stmt" count="0"/>
      <line num="68" type="stmt" count="0"/>
      <line num="69" type="stmt" count="0"/>
      <line num="72" type="stmt" count="0"/>
      <line num="75" type="method" name="save" visibility="public" complexity="2" crap="2" count="11"/>
      <line num="78" type="stmt" count="11"/>
      <line num="79" type="stmt" count="11"/>
      <line num="80" type="stmt" count="11"/>
      <line num="82" type="stmt" count="11"/>
      <line num="84" type="stmt" count="11"/>
      <line num="85" type="stmt" count="2"/>
      <line num="87" type="stmt" count="11"/>
      <line num="91" type="stmt" count="11"/>
      <line num="94" type="method" name="insertAccount" visibility="private" complexity="1" crap="1" count="11"/>
      <line num="96" type="stmt" count="11"/>
      <line num="104" type="stmt" count="11"/>
      <line num="106" type="stmt" count="11"/>
      <line num="107" type="stmt" count="11"/>
      <line num="108" type="stmt" count="11"/>
      <line num="109" type="stmt" count="11"/>
      <line num="110" type="stmt" count="11"/>
      <line num="111" type="stmt" count="11"/>
      <line num="112" type="stmt" count="11"/>
      <line num="113" type="stmt" count="11"/>
      <line num="114" type="stmt" count="11"/>
      <line num="115" type="stmt" count="11"/>
      <line num="116" type="stmt" count="11"/>
      <line num="119" type="method" name="updateAccount" visibility="private" complexity="1" crap="1" count="2"/>
      <line num="121" type="stmt" count="2"/>
      <line num="130" type="stmt" count="2"/>
      <line num="132" type="stmt" count="2"/>
      <line num="133" type="stmt" count="2"/>
      <line num="134" type="stmt" count="2"/>
      <line num="135" type="stmt" count="2"/>
      <line num="136" type="stmt" count="2"/>
      <line num="137" type="stmt" count="2"/>
      <line num="138" type="stmt" count="2"/>
      <line num="139" type="stmt" count="2"/>
      <line num="140" type="stmt" count="2"/>
      <line num="143" type="method" name="saveAccountTransactions" visibility="private" complexity="4" crap="4" count="11"/>
      <line num="145" type="stmt" count="11"/>
      <line num="148" type="stmt" count="11"/>
      <line num="149" type="stmt" count="1"/>
      <line num="150" type="stmt" count="1"/>
      <line num="154" type="stmt" count="11"/>
      <line num="155" type="stmt" count="1"/>
      <line num="159" type="method" name="delete" visibility="public" complexity="1" crap="2" count="0"/>
      <line num="161" type="stmt" count="0"/>
      <line num="162" type="stmt" count="0"/>
      <line num="163" type="stmt" count="0"/>
      <line num="166" type="method" name="findInactive" visibility="public" complexity="2" crap="2" count="1"/>
      <line num="168" type="stmt" count="1"/>
      <line num="173" type="stmt" count="1"/>
      <line num="175" type="stmt" count="1"/>
      <line num="176" type="stmt" count="1"/>
      <line num="178" type="stmt" count="1"/>
      <line num="179" type="stmt" count="1"/>
      <line num="180" type="stmt" count="1"/>
      <line num="183" type="stmt" count="1"/>
      <line num="186" type="method" name="findWithPendingPoints" visibility="public" complexity="2" crap="6" count="0"/>
      <line num="188" type="stmt" count="0"/>
      <line num="189" type="stmt" count="0"/>
      <line num="190" type="stmt" count="0"/>
      <line num="192" type="stmt" count="0"/>
      <line num="193" type="stmt" count="0"/>
      <line num="194" type="stmt" count="0"/>
      <line num="197" type="stmt" count="0"/>
      <line num="200" type="method" name="exists" visibility="public" complexity="1" crap="2" count="0"/>
      <line num="202" type="stmt" count="0"/>
      <line num="203" type="stmt" count="0"/>
      <line num="204" type="stmt" count="0"/>
      <line num="206" type="stmt" count="0"/>
      <line num="209" type="method" name="getTotalAccounts" visibility="public" complexity="1" crap="1" count="1"/>
      <line num="211" type="stmt" count="1"/>
      <line num="212" type="stmt" count="1"/>
      <line num="214" type="stmt" count="1"/>
      <line num="217" type="method" name="getTotalActiveAccounts" visibility="public" complexity="1" crap="2" count="0"/>
      <line num="219" type="stmt" count="0"/>
      <line num="220" type="stmt" count="0"/>
      <line num="222" type="stmt" count="0"/>
      <line num="228" type="method" name="mapRowToAccount" visibility="private" complexity="2" crap="2" count="4"/>
      <line num="230" type="stmt" count="4"/>
      <line num="231" type="stmt" count="4"/>
      <line num="232" type="stmt" count="4"/>
      <line num="233" type="stmt" count="4"/>
      <line num="234" type="stmt" count="4"/>
      <line num="235" type="stmt" count="4"/>
      <line num="236" type="stmt" count="4"/>
      <line num="237" type="stmt" count="4"/>
      <line num="238" type="stmt" count="4"/>
      <line num="239" type="stmt" count="4"/>
      <metrics loc="242" ncloc="236" classes="1" methods="15" coveredmethods="9" conditionals="0" coveredconditionals="0" statements="101" coveredstatements="73" elements="116" coveredelements="82"/>
    </file>
    <file name="D:\research\applications\loyalty-rewards\src\Infrastructure\Database\DatabaseAuditRepository.php">
      <class name="LoyaltyRewards\Infrastructure\Database\DatabaseAuditRepository" namespace="global">
        <metrics complexity="13" methods="10" coveredmethods="9" conditionals="0" coveredconditionals="0" statements="67" coveredstatements="63" elements="77" coveredelements="72"/>
      </class>
      <line num="17" type="method" name="__construct" visibility="public" complexity="1" crap="1" count="15"/>
      <line num="19" type="stmt" count="15"/>
      <line num="21" type="method" name="store" visibility="public" complexity="1" crap="1" count="3"/>
      <line num="23" type="stmt" count="3"/>
[...]
      <line num="25" type="stmt" count="1"/>
      <line num="27" type="stmt" count="1"/>
      <line num="29" type="stmt" count="1"/>
      <line num="32" type="method" name="findByAccountId" visibility="public" complexity="2" crap="2" count="2"/>
      <line num="34" type="stmt" count="2"/>
      <line num="39" type="stmt" count="2"/>
      <line num="41" type="stmt" count="2"/>
      <line num="42" type="stmt" count="2"/>
      <line num="43" type="stmt" count="2"/>
      <line num="44" type="stmt" count="2"/>
      <line num="46" type="stmt" count="2"/>
      <line num="47" type="stmt" count="2"/>
      <line num="48" type="stmt" count="2"/>
      <line num="51" type="stmt" count="2"/>
      <line num="54" type="method" name="findByCustomerId" visibility="public" complexity="2" crap="6" count="0"/>
      <line num="56" type="stmt" count="0"/>
      <line num="62" type="stmt" count="0"/>
      <line num="64" type="stmt" count="0"/>
      <line num="65" type="stmt" count="0"/>
      <line num="66" type="stmt" count="0"/>
      <line num="67" type="stmt" count="0"/>
      <line num="69" type="stmt" count="0"/>
      <line num="70" type="stmt" count="0"/>
      <line num="71" type="stmt" count="0"/>
      <line num="74" type="stmt" count="0"/>
      <line num="77" type="method" name="findByType" visibility="public" complexity="2" crap="2" count="1"/>
      <line num="79" type="stmt" count="1"/>
      <line num="84" type="stmt" count="1"/>
      <line num="86" type="stmt" count="1"/>
      <line num="87" type="stmt" count="1"/>
      <line num="88" type="stmt" count="1"/>
      <line num="89" type="stmt" count="1"/>
      <line num="91" type="stmt" count="1"/>
      <line num="92" type="stmt" count="1"/>
      <line num="93" type="stmt" count="1"/>
      <line num="96" type="stmt" count="1"/>
      <line num="99" type="method" name="findByDateRange" visibility="public" complexity="2" crap="2" count="1"/>
      <line num="104" type="stmt" count="1"/>
      <line num="109" type="stmt" count="1"/>
      <line num="111" type="stmt" count="1"/>
      <line num="112" type="stmt" count="1"/>
      <line num="113" type="stmt" count="1"/>
      <line num="114" type="stmt" count="1"/>
      <line num="115" type="stmt" count="1"/>
      <line num="117" type="stmt" count="1"/>
      <line num="118" type="stmt" count="1"/>
      <line num="119" type="stmt" count="1"/>
      <line num="122" type="stmt" count="1"/>
      <line num="125" type="method" name="findByAccountAndDateRange" visibility="public" complexity="2" crap="6" count="0"/>
      <line num="131" type="stmt" count="0"/>
      <line num="137" type="stmt" count="0"/>
      <line num="139" type="stmt" count="0"/>
      <line num="140" type="stmt" count="0"/>
      <line num="141" type="stmt" count="0"/>
      <line num="142" type="stmt" count="0"/>
      <line num="143" type="stmt" count="0"/>
      <line num="144" type="stmt" count="0"/>
      <line num="146" type="stmt" count="0"/>
      <line num="147" type="stmt" count="0"/>
      <line num="148" type="stmt" count="0"/>
      <line num="151" type="stmt" count="0"/>
      <line num="154" type="method" name="save" visibility="public" complexity="2" crap="2.01" count="7"/>
      <line num="156" type="stmt" count="7"/>
      <line num="158" type="stmt" count="7"/>
      <line num="159" type="stmt" count="0"/>
      <line num="166" type="stmt" count="0"/>
      <line num="169" type="stmt" count="7"/>
      <line num="176" type="stmt" count="7"/>
      <line num="179" type="stmt" count="7"/>
      <line num="180" type="stmt" count="7"/>
      <line num="181" type="stmt" count="7"/>
      <line num="182" type="stmt" count="7"/>
      <line num="183" type="stmt" count="7"/>
      <line num="184" type="stmt" count="7"/>
      <line num="185" type="stmt" count="7"/>
      <line num="186" type="stmt" count="7"/>
      <line num="187" type="stmt" count="7"/>
      <line num="188" type="stmt" count="7"/>
      <line num="191" type="method" name="saveMany" visibility="public" complexity="4" crap="5.40" count="4"/>
      <line num="193" type="stmt" count="4"/>
      <line num="194" type="stmt" count="0"/>
      <line num="197" type="stmt" count="4"/>
      <line num="200" type="stmt" count="4"/>
      <line num="201" type="stmt" count="4"/>
      <line num="203" type="stmt" count="4"/>
      <line num="204" type="stmt" count="0"/>
      <line num="205" type="stmt" count="0"/>
      <line num="206" type="stmt" count="0"/>
      <line num="210" type="method" name="findPendingTransactions" visibility="public" complexity="2" crap="6" count="0"/>
      <line num="212" type="stmt" count="0"/>
      <line num="213" type="stmt" count="0"/>
      <line num="214" type="stmt" count="0"/>
      <line num="216" type="stmt" count="0"/>
      <line num="217" type="stmt" count="0"/>
      <line num="218" type="stmt" count="0"/>
      <line num="221" type="stmt" count="0"/>
      <line num="224" type="method" name="getTotalTransactions" visibility="public" complexity="1" crap="1" count="1"/>
      <line num="226" type="stmt" count="1"/>
      <line num="227" type="stmt" count="1"/>
      <line num="229" type="stmt" count="1"/>
      <line num="232" type="method" name="getTotalPointsEarned" visibility="public" complexity="1" crap="1" count="1"/>
      <line num="234" type="stmt" count="1"/>
      <line num="235" type="stmt" count="1"/>
      <line num="237" type="stmt" count="1"/>
      <line num="240" type="method" name="getTotalPointsRedeemed" visibility="public" complexity="1" crap="1" count="1"/>
      <line num="242" type="stmt" count="1"/>
      <line num="243" type="stmt" count="1"/>
      <line num="245" type="stmt" count="1"/>
      <line num="253" type="method" name="mapRowToTransaction" visibility="private" complexity="2" crap="2" count="5"/>
      <line num="255" type="stmt" count="5"/>
      <line num="256" type="stmt" count="5"/>
      <line num="258" type="stmt" count="5"/>
      <line num="259" type="stmt" count="5"/>
      <line num="260" type="stmt" count="5"/>
      <line num="261" type="stmt" count="5"/>
      <line num="262" type="stmt" count="5"/>
      <line num="263" type="stmt" count="5"/>
      <line num="264" type="stmt" count="5"/>
      <line num="265" type="stmt" count="5"/>
      <line num="266" type="stmt" count="5"/>
      <metrics loc="269" ncloc="263" classes="1" methods="14" coveredmethods="9" conditionals="0" coveredconditionals="0" statements="111" coveredstatements="76" elements="125" coveredelements="85"/>
    </file>
    <file name="D:\research\applications\loyalty-rewards\src\Rules\Composites\CompositeEarningRule.php">
      <class name="LoyaltyRewards\Rules\Composites\CompositeEarningRule" namespace="global">
        <metrics complexity="15" methods="10" coveredmethods="6" conditionals="0" coveredconditionals="0" statements="27" coveredstatements="23" elements="37" coveredelements="29"/>
      </class>
      <line num="15" type="method" name="__construct" visibility="public" complexity="2" crap="2.50" count="14"/>
      <line num="17" type="stmt" count="14"/>
      <line num="18" type="stmt" count="0"/>
      <line num="22" type="method" name="addRule" visibility="public" complexity="1" crap="1" count="10"/>
      <line num="24" type="stmt" count="10"/>
      <line num="27" type="stmt" count="10"/>
      <line num="30" type="method" name="removeRule" visibility="public" complexity="1" crap="1" count="2"/>
      <line num="32" type="stmt" count="2"/>
      <line num="33" type="stmt" count="2"/>
      <line num="34" type="stmt" count="2"/>
      <line num="35" type="stmt" count="2"/>
      <line num="38" type="method" name="calculatePoints" visibility="public" complexity="3" crap="3" count="5"/>
      <line num="40" type="stmt" count="5"/>
      <line num="41" type="stmt" count="5"/>
      <line num="43" type="stmt" count="5"/>
      <line num="44" type="stmt" count="5"/>
      <line num="45" type="stmt" count="4"/>
      <line num="46" type="stmt" count="4"/>
      <line num="50" type="stmt" count="5"/>
      <line num="53" type="method" name="isApplicable" visibility="public" complexity="3" crap="3" count="2"/>
      <line num="56" type="stmt" count="2"/>
      <line num="57" type="stmt" count="2"/>
      <line num="58" type="stmt" count="1"/>
      <line num="62" type="stmt" count="1"/>
      <line num="65" type="method" name="getPriority" visibility="public" complexity="1" crap="2" count="0"/>
      <line num="67" type="stmt" count="0"/>
      <line num="70" type="method" name="getName" visibility="public" complexity="1" crap="2" count="0"/>
      <line num="72" type="stmt" count="0"/>
      <line num="75" type="method" name="getDescription" visibility="public" complexity="1" crap="2" count="0"/>
      <line num="77" type="stmt" count="0"/>
      <line num="80" type="method" name="getRules" visibility="public" complexity="1" crap="1" count="1"/>
      <line num="82" type="stmt" count="1"/>
      <line num="89" type="method" name="getApplicableRules" visibility="public" complexity="1" crap="1" count="6"/>
      <line num="91" type="stmt" count="6"/>
      <line num="92" type="stmt" count="6"/>
      <line num="93" type="stmt" count="6"/>
      <line num="94" type="stmt" count="6"/>
      <metrics loc="97" ncloc="89" classes="1" methods="10" coveredmethods="6" conditionals="0" coveredconditionals="0" statements="27" coveredstatements="23" elements="37" coveredelements="29"/>
    </file>
    <file name="D:\research\applications\loyalty-rewards\src\Rules\Contracts\EarningRuleInterface.php">
      <metrics loc="17" ncloc="17" classes="0" methods="0" coveredmethods="0" conditionals="0" coveredconditionals="0" statements="0" coveredstatements="0" elements="0" coveredelements="0"/>
    </file>
    <file name="D:\research\applications\loyalty-rewards\src\Rules\Contracts\RedemptionRuleInterface.php">
      <metrics loc="16" ncloc="16" classes="0" methods="0" coveredmethods="0" conditionals="0" coveredconditionals="0" statements="0" coveredstatements="0" elements="0" coveredelements="0"/>
    </file>
    <file name="D:\research\applications\loyalty-rewards\src\Rules\Earning\BaseEarningRule.php">
      <class name="LoyaltyRewards\Rules\Earning\BaseEarningRule" namespace="global">
        <metrics complexity="4" methods="4" coveredmethods="4" conditionals="0" coveredconditionals="0" statements="4" coveredstatements="4" elements="8" coveredelements="8"/>
      </class>
      <line num="11" type="method" name="__construct" visibility="public" complexity="1" crap="1" count="28"/>
      <line num="16" type="stmt" count="28"/>
      <line num="18" type="method" name="getName" visibility="public" complexity="1" crap="1" count="9"/>
      <line num="20" type="stmt" count="9"/>
      <line num="23" type="method" name="getDescription" visibility="public" complexity="1" crap="1" count="1"/>
      <line num="25" type="stmt" count="1"/>
      <line num="28" type="method" name="getPriority" visibility="public" complexity="1" crap="1" count="12"/>
      <line num="30" type="stmt" count="12"/>
      <metrics loc="33" ncloc="33" classes="1" methods="4" coveredmethods="4" conditionals="0" coveredconditionals="0" statements="4" coveredstatements="4" elements="8" coveredelements="8"/>
    </file>
    <file name="D:\research\applications\loyalty-rewards\src\Rules\Earning\CategoryMultiplierRule.php">
      <class name="LoyaltyRewards\Rules\Earning\CategoryMultiplierRule" namespace="global">
        <metrics complexity="5" methods="5" coveredmethods="5" conditionals="0" coveredconditionals="0" statements="10" coveredstatements="10" elements="15" coveredelements="15"/>
      </class>
      <line num="11" type="method" name="__construct" visibility="public" complexity="1" crap="1" count="15"/>
      <line num="17" type="stmt" count="15"/>
      <line num="18" type="stmt" count="15"/>
      <line num="19" type="stmt" count="15"/>
      <line num="20" type="stmt" count="15"/>
      <line num="21" type="stmt" count="15"/>
      <line num="24" type="method" name="calculatePoints" visibility="public" complexity="1" crap="1" count="5"/>
      <line num="26" type="stmt" count="5"/>
      <line num="27" type="stmt" count="5"/>
      <line num="30" type="method" name="isApplicable" visibility="public" complexity="1" crap="1" count="11"/>
      <line num="32" type="stmt" count="11"/>
      <line num="35" type="method" name="getCategory" visibility="public" complexity="1" crap="1" count="1"/>
      <line num="37" type="stmt" count="1"/>
      <line num="40" type="method" name="getMultiplier" visibility="public" complexity="1" crap="1" count="1"/>
      <line num="42" type="stmt" count="1"/>
      <metrics loc="45" ncloc="45" classes="1" methods="5" coveredmethods="5" conditionals="0" coveredconditionals="0" statements="10" coveredstatements="10" elements="15" coveredelements="15"/>
    </file>
    <file name="D:\research\applications\loyalty-rewards\src\Rules\Earning\MinimumSpendRule.php">
      <class name="LoyaltyRewards\Rules\Earning\MinimumSpendRule" namespace="global">
        <metrics complexity="6" methods="5" coveredmethods="3" conditionals="0" coveredconditionals="0" statements="13" coveredstatements="11" elements="18" coveredelements="14"/>
      </class>
      <line num="11" type="method" name="__construct" visibility="public" complexity="1" crap="1" count="7"/>
      <line num="17" type="stmt" count="7"/>
      <line num="18" type="stmt" count="7"/>
      <line num="19" type="stmt" count="7"/>
      <line num="20" type="stmt" count="7"/>
      <line num="21" type="stmt" count="7"/>
      <line num="24" type="method" name="calculatePoints" visibility="public" complexity="1" crap="1" count="2"/>
      <line num="26" type="stmt" count="2"/>
      <line num="27" type="stmt" count="2"/>
      <line num="30" type="method" name="isApplicable" visibility="public" complexity="2" crap="2" count="5"/>
      <line num="32" type="stmt" count="5"/>
      <line num="34" type="stmt" count="5"/>
      <line num="35" type="stmt" count="1"/>
      <line num="38" type="stmt" count="4"/>
      <line num="41" type="method" name="getMinimumAmount" visibility="public" complexity="1" crap="2" count="0"/>
      <line num="43" type="stmt" count="0"/>
      <line num="46" type="method" name="getMultiplier" visibility="public" complexity="1" crap="2" count="0"/>
      <line num="48" type="stmt" count="0"/>
      <metrics loc="51" ncloc="51" classes="1" methods="5" coveredmethods="3" conditionals="0" coveredconditionals="0" statements="13" coveredstatements="11" elements="18" coveredelements="14"/>
    </file>
    <file name="D:\research\applications\loyalty-rewards\src\Rules\Earning\TierBonusRule.php">
      <class name="LoyaltyRewards\Rules\Earning\TierBonusRule" namespace="global">
        <metrics complexity="5" methods="5" coveredmethods="3" conditionals="0" coveredconditionals="0" statements="10" coveredstatements="8" elements="15" coveredelements="11"/>
      </class>
      <line num="11" type="method" name="__construct" visibility="public" complexity="1" crap="1" count="4"/>
      <line num="17" type="stmt" count="4"/>
      <line num="18" type="stmt" count="4"/>
      <line num="19" type="stmt" count="4"/>
      <line num="20" type="stmt" count="4"/>
      <line num="21" type="stmt" count="4"/>
      <line num="24" type="method" name="calculatePoints" visibility="public" complexity="1" crap="1" count="2"/>
      <line num="26" type="stmt" count="2"/>
      <line num="27" type="stmt" count="2"/>
      <line num="30" type="method" name="isApplicable" visibility="public" complexity="1" crap="1" count="3"/>
      <line num="32" type="stmt" count="3"/>
      <line num="35" type="method" name="getTier" visibility="public" complexity="1" crap="2" count="0"/>
      <line num="37" type="stmt" count="0"/>
      <line num="40" type="method" name="getBonusMultiplier" visibility="public" complexity="1" crap="2" count="0"/>
      <line num="42" type="stmt" count="0"/>
      <metrics loc="45" ncloc="45" classes="1" methods="5" coveredmethods="3" conditionals="0" coveredconditionals="0" statements="10" coveredstatements="8" elements="15" coveredelements="11"/>
    </file>
    <file name="D:\research\applications\loyalty-rewards\src\Rules\Earning\TimeBasedRule.php">
      <class name="LoyaltyRewards\Rules\Earning\TimeBasedRule" namespace="global">
        <metrics complexity="9" methods="6" coveredmethods="6" conditionals="0" coveredconditionals="0" statements="19" coveredstatements="19" elements="25" coveredelements="25"/>
      </class>
      <line num="12" type="method" name="__construct" visibility="public" complexity="1" crap="1" count="7"/>
      <line num="20" type="stmt" count="7"/>
      <line num="21" type="stmt" count="7"/>
      <line num="23" type="stmt" count="7"/>
      <line num="24" type="stmt" count="7"/>
      <line num="25" type="stmt" count="7"/>
      <line num="26" type="stmt" count="7"/>
      <line num="27" type="stmt" count="7"/>
      <line num="30" type="method" name="calculatePoints" visibility="public" complexity="1" crap="1" count="1"/>
      <line num="32" type="stmt" count="1"/>
      <line num="33" type="stmt" count="1"/>
      <line num="36" type="method" name="isApplicable" visibility="public" complexity="4" crap="4" count="5"/>
      <line num="38" type="stmt" count="5"/>
      <line num="41" type="stmt" count="5"/>
      <line num="42" type="stmt" count="2"/>
      <line num="46" type="stmt" count="3"/>
      <line num="47" type="stmt" count="1"/>
      <line num="48" type="stmt" count="1"/>
      <line num="51" type="stmt" count="2"/>
      <line num="54" type="method" name="getStartTime" visibility="public" complexity="1" crap="1" count="1"/>
      <line num="56" type="stmt" count="1"/>
      <line num="59" type="method" name="getEndTime" visibility="public" complexity="1" crap="1" count="1"/>
      <line num="61" type="stmt" count="1"/>
      <line num="64" type="method" name="getMultiplier" visibility="public" complexity="1" crap="1" count="1"/>
      <line num="66" type="stmt" count="1"/>
      <metrics loc="69" ncloc="66" classes="1" methods="6" coveredmethods="6" conditionals="0" coveredconditionals="0" statements="19" coveredstatements="19" elements="25" coveredelements="25"/>
    </file>
    <file name="D:\research\applications\loyalty-rewards\src\Rules\Redemption\BasicRedemptionRule.php">
      <class name="LoyaltyRewards\Rules\Redemption\BasicRedemptionRule" namespace="global">
        <metrics complexity="5" methods="5" coveredmethods="5" conditionals="0" coveredconditionals="0" statements="6" coveredstatements="6" elements="11" coveredelements="11"/>
      </class>
      <line num="12" type="method" name="__construct" visibility="public" complexity="1" crap="1" count="5"/>
      <line num="17" type="stmt" count="5"/>
      <line num="19" type="method" name="calculateRedemptionValue" visibility="public" complexity="1" crap="1" count="3"/>
      <line num="21" type="stmt" count="3"/>
      <line num="22" type="stmt" count="3"/>
      <line num="25" type="method" name="canRedeem" visibility="public" complexity="1" crap="1" count="3"/>
      <line num="27" type="stmt" count="3"/>
      <line num="30" type="method" name="getMinimumPoints" visibility="public" complexity="1" crap="1" count="1"/>
      <line num="32" type="stmt" count="1"/>
      <line num="35" type="method" name="getName" visibility="public" complexity="1" crap="1" count="3"/>
      <line num="37" type="stmt" count="3"/>
      <metrics loc="40" ncloc="39" classes="1" methods="5" coveredmethods="5" conditionals="0" coveredconditionals="0" statements="6" coveredstatements="6" elements="11" coveredelements="11"/>
    </file>
    <metrics files="46" loc="3571" ncloc="3413" classes="37" methods="277" coveredmethods="205" conditionals="0" coveredconditionals="0" statements="1124" coveredstatements="926" elements="1401" coveredelements="1131"/>
  </project>
</coverage>
